z:\donotscan\dropbox\mygithub\systemprogramming\myimportresolution\myimportresolution\x64\release\vc142.pdb
z:\donotscan\dropbox\mygithub\systemprogramming\myimportresolution\myimportresolution\x64\release\myimportresolution.obj
z:\donotscan\dropbox\mygithub\systemprogramming\myimportresolution\myimportresolution\x64\release\dllmain.obj
z:\donotscan\dropbox\mygithub\systemprogramming\myimportresolution\myimportresolution\x64\release\myimportresolution.pch
z:\donotscan\dropbox\mygithub\systemprogramming\myimportresolution\myimportresolution\x64\release\pch.obj
z:\donotscan\dropbox\mygithub\systemprogramming\myimportresolution\myimportresolution\x64\release\myloadlibrarya.obj
z:\donotscan\dropbox\mygithub\systemprogramming\myimportresolution\myimportresolution\x64\release\mygetprocaddress.obj
z:\donotscan\dropbox\mygithub\systemprogramming\myimportresolution\x64\release\myimportresolution.dll
z:\donotscan\dropbox\mygithub\systemprogramming\myimportresolution\x64\release\myimportresolution.pdb
z:\donotscan\dropbox\mygithub\systemprogramming\myimportresolution\x64\release\myimportresolution.lib
z:\donotscan\dropbox\mygithub\systemprogramming\myimportresolution\x64\release\myimportresolution.exp
z:\donotscan\dropbox\mygithub\systemprogramming\myimportresolution\x64\release\myimportresolution.ipdb
z:\donotscan\dropbox\mygithub\systemprogramming\myimportresolution\x64\release\myimportresolution.iobj
z:\donotscan\dropbox\mygithub\systemprogramming\myimportresolution\myimportresolution\x64\release\myimport.66b99f1e.tlog\cl.command.1.tlog
z:\donotscan\dropbox\mygithub\systemprogramming\myimportresolution\myimportresolution\x64\release\myimport.66b99f1e.tlog\cl.read.1.tlog
z:\donotscan\dropbox\mygithub\systemprogramming\myimportresolution\myimportresolution\x64\release\myimport.66b99f1e.tlog\cl.write.1.tlog
z:\donotscan\dropbox\mygithub\systemprogramming\myimportresolution\myimportresolution\x64\release\myimport.66b99f1e.tlog\link.command.1.tlog
z:\donotscan\dropbox\mygithub\systemprogramming\myimportresolution\myimportresolution\x64\release\myimport.66b99f1e.tlog\link.delete.1.tlog
z:\donotscan\dropbox\mygithub\systemprogramming\myimportresolution\myimportresolution\x64\release\myimport.66b99f1e.tlog\link.read.1.tlog
z:\donotscan\dropbox\mygithub\systemprogramming\myimportresolution\myimportresolution\x64\release\myimport.66b99f1e.tlog\link.write.1.tlog
z:\donotscan\dropbox\mygithub\systemprogramming\myimportresolution\myimportresolution\x64\release\myimport.66b99f1e.tlog\myimportresolution.write.1u.tlog
